<?xml version="1.0" encoding="UTF-8"?>
<!-- Generated by org.testng.reporters.JUnitReportReporter -->
<testsuite hostname="mds-MacBook-Pro.fios-router.home" failures="0" tests="1" name="com.itnycusa.creditCard.tc.BasicTest" time="13.865" errors="0" timestamp="20 Aug 2020 03:05:56 GMT" skipped="0">
  <testcase classname="com.itnycusa.creditCard.tc.BasicTest" name="basicTest" time="13.865"/>
</testsuite> <!-- com.itnycusa.creditCard.tc.BasicTest -->
