<?xml version="1.0" encoding="UTF-8"?>
<!-- Generated by org.testng.reporters.JUnitReportReporter -->
<testsuite ignored="0" hostname="mds-MacBook-Pro.local" failures="0" tests="1" name="com.itnycusa.creditCard.tc.UserAbleToValidateHeadBandComponents" time="4.729" errors="0" timestamp="22 Aug 2020 02:51:34 GMT" skipped="0">
  <testcase classname="com.itnycusa.creditCard.tc.UserAbleToValidateHeadBandComponents" name="userAbleToValidateHeadBandComponents" time="4.729"/>
</testsuite> <!-- com.itnycusa.creditCard.tc.UserAbleToValidateHeadBandComponents -->
